app/build/intermediates/manifest_merge_blame_file/debug/manifest-merger-blame-debug-report.txt
1<?xml version="1.0" encoding="utf-8"?>
2<manifest xmlns:android="http://schemas.android.com/apk/res/android"
3    package="com.example.algorithmapp"
4    android:versionCode="1"
5    android:versionName="1.0" >
6
7    <uses-sdk
8        android:minSdkVersion="24"
9        android:targetSdkVersion="34" />
10
11    <permission
11-->[androidx.core:core:1.12.0] AndroidManifest.xml:22:5-24:47
12        android:name="com.example.algorithmapp.DYNAMIC_RECEIVER_NOT_EXPORTED_PERMISSION"
12-->[androidx.core:core:1.12.0] AndroidManifest.xml:23:9-81
13        android:protectionLevel="signature" />
13-->[androidx.core:core:1.12.0] AndroidManifest.xml:24:9-44
14
15    <uses-permission android:name="com.example.algorithmapp.DYNAMIC_RECEIVER_NOT_EXPORTED_PERMISSION" />
15-->[androidx.core:core:1.12.0] AndroidManifest.xml:26:5-97
15-->[androidx.core:core:1.12.0] AndroidManifest.xml:26:22-94
16
17    <application
17-->src\main\AndroidManifest.xml:5:5-75:19
18        android:allowBackup="true"
18-->src\main\AndroidManifest.xml:6:9-35
19        android:appComponentFactory="androidx.core.app.CoreComponentFactory"
19-->[androidx.core:core:1.12.0] AndroidManifest.xml:28:18-86
20        android:debuggable="true"
21        android:extractNativeLibs="false"
22        android:icon="@drawable/ic_algorithm"
22-->src\main\AndroidManifest.xml:7:9-46
23        android:label="Алгоритмдер"
23-->src\main\AndroidManifest.xml:8:9-36
24        android:roundIcon="@drawable/ic_algorithm"
24-->src\main\AndroidManifest.xml:9:9-51
25        android:supportsRtl="true"
25-->src\main\AndroidManifest.xml:10:9-35
26        android:testOnly="true"
27        android:theme="@style/Theme.AlgorithmApp" >
27-->src\main\AndroidManifest.xml:11:9-50
28        <activity
28-->src\main\AndroidManifest.xml:13:9-21:20
29            android:name="com.example.algorithmapp.LoginActivity"
29-->src\main\AndroidManifest.xml:14:13-42
30            android:exported="true"
30-->src\main\AndroidManifest.xml:15:13-36
31            android:screenOrientation="portrait" >
31-->src\main\AndroidManifest.xml:16:13-49
32            <intent-filter>
32-->src\main\AndroidManifest.xml:17:13-20:29
33                <action android:name="android.intent.action.MAIN" />
33-->src\main\AndroidManifest.xml:18:17-69
33-->src\main\AndroidManifest.xml:18:25-66
34
35                <category android:name="android.intent.category.LAUNCHER" />
35-->src\main\AndroidManifest.xml:19:17-77
35-->src\main\AndroidManifest.xml:19:27-74
36            </intent-filter>
37        </activity>
38        <activity
38-->src\main\AndroidManifest.xml:23:9-27:58
39            android:name="com.example.algorithmapp.RegisterActivity"
39-->src\main\AndroidManifest.xml:24:13-45
40            android:exported="false"
40-->src\main\AndroidManifest.xml:25:13-37
41            android:parentActivityName="com.example.algorithmapp.LoginActivity"
41-->src\main\AndroidManifest.xml:27:13-56
42            android:screenOrientation="portrait" />
42-->src\main\AndroidManifest.xml:26:13-49
43        <activity
43-->src\main\AndroidManifest.xml:29:9-32:52
44            android:name="com.example.algorithmapp.MainActivity"
44-->src\main\AndroidManifest.xml:30:13-41
45            android:exported="false"
45-->src\main\AndroidManifest.xml:31:13-37
46            android:screenOrientation="portrait" />
46-->src\main\AndroidManifest.xml:32:13-49
47        <activity
47-->src\main\AndroidManifest.xml:34:9-38:57
48            android:name="com.example.algorithmapp.AlgorithmDetailActivity"
48-->src\main\AndroidManifest.xml:35:13-52
49            android:exported="false"
49-->src\main\AndroidManifest.xml:36:13-37
50            android:parentActivityName="com.example.algorithmapp.MainActivity"
50-->src\main\AndroidManifest.xml:38:13-55
51            android:screenOrientation="portrait" />
51-->src\main\AndroidManifest.xml:37:13-49
52        <activity
52-->src\main\AndroidManifest.xml:40:9-44:57
53            android:name="com.example.algorithmapp.TestActivity"
53-->src\main\AndroidManifest.xml:41:13-41
54            android:exported="false"
54-->src\main\AndroidManifest.xml:42:13-37
55            android:parentActivityName="com.example.algorithmapp.MainActivity"
55-->src\main\AndroidManifest.xml:44:13-55
56            android:screenOrientation="portrait" />
56-->src\main\AndroidManifest.xml:43:13-49
57        <activity
57-->src\main\AndroidManifest.xml:46:9-49:51
58            android:name="com.example.algorithmapp.ResultActivity"
58-->src\main\AndroidManifest.xml:47:13-43
59            android:exported="false"
59-->src\main\AndroidManifest.xml:48:13-37
60            android:screenOrientation="portrait" />
60-->src\main\AndroidManifest.xml:49:13-49
61        <activity
61-->src\main\AndroidManifest.xml:51:9-55:59
62            android:name="com.example.algorithmapp.AnswersActivity"
62-->src\main\AndroidManifest.xml:52:13-44
63            android:exported="false"
63-->src\main\AndroidManifest.xml:53:13-37
64            android:parentActivityName="com.example.algorithmapp.ResultActivity"
64-->src\main\AndroidManifest.xml:55:13-57
65            android:screenOrientation="portrait" />
65-->src\main\AndroidManifest.xml:54:13-49
66        <activity
66-->src\main\AndroidManifest.xml:57:9-61:57
67            android:name="com.example.algorithmapp.MatchingGameActivity"
67-->src\main\AndroidManifest.xml:58:13-49
68            android:exported="false"
68-->src\main\AndroidManifest.xml:59:13-37
69            android:parentActivityName="com.example.algorithmapp.MainActivity"
69-->src\main\AndroidManifest.xml:61:13-55
70            android:screenOrientation="portrait" />
70-->src\main\AndroidManifest.xml:60:13-49
71        <activity
71-->src\main\AndroidManifest.xml:63:9-67:57
72            android:name="com.example.algorithmapp.FindErrorGameActivity"
72-->src\main\AndroidManifest.xml:64:13-50
73            android:exported="false"
73-->src\main\AndroidManifest.xml:65:13-37
74            android:parentActivityName="com.example.algorithmapp.MainActivity"
74-->src\main\AndroidManifest.xml:67:13-55
75            android:screenOrientation="portrait" />
75-->src\main\AndroidManifest.xml:66:13-49
76        <activity
76-->src\main\AndroidManifest.xml:69:9-73:57
77            android:name="com.example.algorithmapp.SortCodeGameActivity"
77-->src\main\AndroidManifest.xml:70:13-49
78            android:exported="false"
78-->src\main\AndroidManifest.xml:71:13-37
79            android:parentActivityName="com.example.algorithmapp.MainActivity"
79-->src\main\AndroidManifest.xml:73:13-55
80            android:screenOrientation="portrait" />
80-->src\main\AndroidManifest.xml:72:13-49
81
82        <provider
82-->[androidx.emoji2:emoji2:1.2.0] AndroidManifest.xml:24:9-32:20
83            android:name="androidx.startup.InitializationProvider"
83-->[androidx.emoji2:emoji2:1.2.0] AndroidManifest.xml:25:13-67
84            android:authorities="com.example.algorithmapp.androidx-startup"
84-->[androidx.emoji2:emoji2:1.2.0] AndroidManifest.xml:26:13-68
85            android:exported="false" >
85-->[androidx.emoji2:emoji2:1.2.0] AndroidManifest.xml:27:13-37
86            <meta-data
86-->[androidx.emoji2:emoji2:1.2.0] AndroidManifest.xml:29:13-31:52
87                android:name="androidx.emoji2.text.EmojiCompatInitializer"
87-->[androidx.emoji2:emoji2:1.2.0] AndroidManifest.xml:30:17-75
88                android:value="androidx.startup" />
88-->[androidx.emoji2:emoji2:1.2.0] AndroidManifest.xml:31:17-49
89            <meta-data
89-->[androidx.lifecycle:lifecycle-process:2.6.1] AndroidManifest.xml:29:13-31:52
90                android:name="androidx.lifecycle.ProcessLifecycleInitializer"
90-->[androidx.lifecycle:lifecycle-process:2.6.1] AndroidManifest.xml:30:17-78
91                android:value="androidx.startup" />
91-->[androidx.lifecycle:lifecycle-process:2.6.1] AndroidManifest.xml:31:17-49
92            <meta-data
92-->[androidx.profileinstaller:profileinstaller:1.3.0] AndroidManifest.xml:29:13-31:52
93                android:name="androidx.profileinstaller.ProfileInstallerInitializer"
93-->[androidx.profileinstaller:profileinstaller:1.3.0] AndroidManifest.xml:30:17-85
94                android:value="androidx.startup" />
94-->[androidx.profileinstaller:profileinstaller:1.3.0] AndroidManifest.xml:31:17-49
95        </provider>
96
97        <receiver
97-->[androidx.profileinstaller:profileinstaller:1.3.0] AndroidManifest.xml:34:9-52:20
98            android:name="androidx.profileinstaller.ProfileInstallReceiver"
98-->[androidx.profileinstaller:profileinstaller:1.3.0] AndroidManifest.xml:35:13-76
99            android:directBootAware="false"
99-->[androidx.profileinstaller:profileinstaller:1.3.0] AndroidManifest.xml:36:13-44
100            android:enabled="true"
100-->[androidx.profileinstaller:profileinstaller:1.3.0] AndroidManifest.xml:37:13-35
101            android:exported="true"
101-->[androidx.profileinstaller:profileinstaller:1.3.0] AndroidManifest.xml:38:13-36
102            android:permission="android.permission.DUMP" >
102-->[androidx.profileinstaller:profileinstaller:1.3.0] AndroidManifest.xml:39:13-57
103            <intent-filter>
103-->[androidx.profileinstaller:profileinstaller:1.3.0] AndroidManifest.xml:40:13-42:29
104                <action android:name="androidx.profileinstaller.action.INSTALL_PROFILE" />
104-->[androidx.profileinstaller:profileinstaller:1.3.0] AndroidManifest.xml:41:17-91
104-->[androidx.profileinstaller:profileinstaller:1.3.0] AndroidManifest.xml:41:25-88
105            </intent-filter>
106            <intent-filter>
106-->[androidx.profileinstaller:profileinstaller:1.3.0] AndroidManifest.xml:43:13-45:29
107                <action android:name="androidx.profileinstaller.action.SKIP_FILE" />
107-->[androidx.profileinstaller:profileinstaller:1.3.0] AndroidManifest.xml:44:17-85
107-->[androidx.profileinstaller:profileinstaller:1.3.0] AndroidManifest.xml:44:25-82
108            </intent-filter>
109            <intent-filter>
109-->[androidx.profileinstaller:profileinstaller:1.3.0] AndroidManifest.xml:46:13-48:29
110                <action android:name="androidx.profileinstaller.action.SAVE_PROFILE" />
110-->[androidx.profileinstaller:profileinstaller:1.3.0] AndroidManifest.xml:47:17-88
110-->[androidx.profileinstaller:profileinstaller:1.3.0] AndroidManifest.xml:47:25-85
111            </intent-filter>
112            <intent-filter>
112-->[androidx.profileinstaller:profileinstaller:1.3.0] AndroidManifest.xml:49:13-51:29
113                <action android:name="androidx.profileinstaller.action.BENCHMARK_OPERATION" />
113-->[androidx.profileinstaller:profileinstaller:1.3.0] AndroidManifest.xml:50:17-95
113-->[androidx.profileinstaller:profileinstaller:1.3.0] AndroidManifest.xml:50:25-92
114            </intent-filter>
115        </receiver>
116    </application>
117
118</manifest>